<?xml version="1.0" encoding="UTF-8"?>
<testng-results skipped="0" failed="0" ignored="0" total="1" passed="1">
  <reporter-output>
  </reporter-output>
  <suite name="Suite" duration-ms="21864" started-at="2020-05-14T13:34:26Z" finished-at="2020-05-14T13:34:48Z">
    <groups>
    </groups>
    <test name="Test" duration-ms="21864" started-at="2020-05-14T13:34:26Z" finished-at="2020-05-14T13:34:48Z">
      <class name="demoJenkins.Simple">
        <test-method status="PASS" signature="testcase()[pri:0, instance:demoJenkins.Simple@28feb3fa]" name="testcase" duration-ms="21843" started-at="2020-05-14T19:04:26Z" finished-at="2020-05-14T19:04:48Z">
          <reporter-output>
          </reporter-output>
        </test-method> <!-- testcase -->
      </class> <!-- demoJenkins.Simple -->
    </test> <!-- Test -->
  </suite> <!-- Suite -->
</testng-results>
